_A.glyph:Width: 600
_A_E.glyph:Width: 600
_A_Eacute.glyph:Width: 600
_Aacute.glyph:Width: 600
_Abreve.glyph:Width: 600
_Acircumflex.glyph:Width: 600
_Adieresis.glyph:Width: 600
_Agrave.glyph:Width: 600
_Alpha.glyph:Width: 600
_Alphatonos.glyph:Width: 600
_Amacron.glyph:Width: 600
_Aogonek.glyph:Width: 600
_Aring.glyph:Width: 600
_Atilde.glyph:Width: 600
_B.glyph:Width: 600
_Beta.glyph:Width: 600
_C.glyph:Width: 600
_Cacute.glyph:Width: 600
_Cacute.locl_P_L_K.glyph:Width: 600
_Ccaron.glyph:Width: 600
_Ccedilla.glyph:Width: 600
_Ccircumflex.glyph:Width: 600
_Cdotaccent.glyph:Width: 600
_Chi.glyph:Width: 600
_D.glyph:Width: 600
_Dcaron.glyph:Width: 600
_Dcroat.glyph:Width: 600
_E.glyph:Width: 600
_Eacute.glyph:Width: 600
_Ebreve.glyph:Width: 600
_Ecaron.glyph:Width: 600
_Ecircumflex.glyph:Width: 600
_Edieresis.glyph:Width: 600
_Edotaccent.glyph:Width: 600
_Egrave.glyph:Width: 600
_Emacron.glyph:Width: 600
_Eng.glyph:Width: 600
_Eogonek.glyph:Width: 600
_Epsilon.glyph:Width: 600
_Epsilontonos.glyph:Width: 600
_Eta.glyph:Width: 600
_Etatonos.glyph:Width: 600
_Eth.glyph:Width: 600
_Euro.glyph:Width: 600
_Euro.tosf.glyph:Width: 600
_F.glyph:Width: 600
_G.glyph:Width: 600
_Gamma.glyph:Width: 600
_Gbreve.glyph:Width: 600
_Gcircumflex.glyph:Width: 600
_Gcommaaccent.glyph:Width: 600
_Gdotaccent.glyph:Width: 600
_H.glyph:Width: 600
_Hbar.glyph:Width: 600
_Hcircumflex.glyph:Width: 600
_I.glyph:Width: 600
_I_J.glyph:Width: 600
_Iacute.glyph:Width: 600
_Ibreve.glyph:Width: 600
_Icircumflex.glyph:Width: 600
_Idieresis.glyph:Width: 600
_Idotaccent.glyph:Width: 600
_Igrave.glyph:Width: 600
_Imacron.glyph:Width: 600
_Iogonek.glyph:Width: 600
_Iota.glyph:Width: 600
_Iotadieresis.glyph:Width: 600
_Iotatonos.glyph:Width: 600
_Itilde.glyph:Width: 600
_J.glyph:Width: 600
_Jcircumflex.glyph:Width: 600
_K.glyph:Width: 600
_Kappa.glyph:Width: 600
_Kcommaaccent.glyph:Width: 600
_L.glyph:Width: 600
_Lacute.glyph:Width: 600
_Lambda.glyph:Width: 600
_Lcaron.glyph:Width: 600
_Lcommaaccent.glyph:Width: 600
_Ldot.glyph:Width: 600
_Lslash.glyph:Width: 600
_M.glyph:Width: 600
_Mu.glyph:Width: 600
_N.glyph:Width: 600
_Nacute.glyph:Width: 600
_Nacute.locl_P_L_K.glyph:Width: 600
_Ncaron.glyph:Width: 600
_Ncommaaccent.glyph:Width: 600
_Ntilde.glyph:Width: 600
_Nu.glyph:Width: 600
_O.glyph:Width: 600
_O_E.glyph:Width: 600
_Oacute.glyph:Width: 600
_Oacute.locl_P_L_K.glyph:Width: 600
_Obreve.glyph:Width: 600
_Ocircumflex.glyph:Width: 600
_Odieresis.glyph:Width: 600
_Ograve.glyph:Width: 600
_Ohungarumlaut.glyph:Width: 600
_Omacron.glyph:Width: 600
_Omegatonos.glyph:Width: 600
_Omicron.glyph:Width: 600
_Omicrontonos.glyph:Width: 600
_Oslash.glyph:Width: 600
_Oslashacute.glyph:Width: 600
_Otilde.glyph:Width: 600
_P.glyph:Width: 600
_Phi.glyph:Width: 600
_Pi.glyph:Width: 600
_Psi.glyph:Width: 600
_Q.glyph:Width: 600
_R.glyph:Width: 600
_Racute.glyph:Width: 600
_Rcaron.glyph:Width: 600
_Rcommaaccent.glyph:Width: 600
_Rho.glyph:Width: 600
_S.glyph:Width: 600
_Sacute.glyph:Width: 600
_Sacute.locl_P_L_K.glyph:Width: 600
_Scaron.glyph:Width: 600
_Scedilla.glyph:Width: 600
_Scircumflex.glyph:Width: 600
_Scommaaccent.glyph:Width: 600
_Sigma.glyph:Width: 600
_T.glyph:Width: 600
_Tau.glyph:Width: 600
_Tbar.glyph:Width: 600
_Tcaron.glyph:Width: 600
_Theta.glyph:Width: 600
_Thorn.glyph:Width: 600
_U.glyph:Width: 600
_Uacute.glyph:Width: 600
_Ubreve.glyph:Width: 600
_Ucircumflex.glyph:Width: 600
_Udieresis.glyph:Width: 600
_Ugrave.glyph:Width: 600
_Uhungarumlaut.glyph:Width: 600
_Umacron.glyph:Width: 600
_Uogonek.glyph:Width: 600
_Upsilon.glyph:Width: 600
_Upsilondieresis.glyph:Width: 600
_Upsilontonos.glyph:Width: 600
_Uring.glyph:Width: 600
_Utilde.glyph:Width: 600
_V.glyph:Width: 600
_W.glyph:Width: 600
_Wacute.glyph:Width: 600
_Wcircumflex.glyph:Width: 600
_Wdieresis.glyph:Width: 600
_Wgrave.glyph:Width: 600
_X.glyph:Width: 600
_Xi.glyph:Width: 600
_Y.glyph:Width: 600
_Yacute.glyph:Width: 600
_Ycircumflex.glyph:Width: 600
_Ydieresis.glyph:Width: 600
_Ygrave.glyph:Width: 600
_Z.glyph:Width: 600
_Zacute.glyph:Width: 600
_Zacute.locl_P_L_K.glyph:Width: 600
_Zcaron.glyph:Width: 600
_Zdotaccent.glyph:Width: 600
_Zeta.glyph:Width: 600
a.glyph:Width: 600
aacute.glyph:Width: 600
abreve.glyph:Width: 600
acircumflex.glyph:Width: 600
acute.case.glyph:Width: 600
acute.case.locl_P_L_K.glyph:Width: 600
acute.glyph:Width: 600
acute.locl_P_L_K.glyph:Width: 600
acutecomb.glyph:Width: 0
adieresis.glyph:Width: 600
ae.glyph:Width: 600
aeacute.glyph:Width: 600
agrave.glyph:Width: 600
alpha.glyph:Width: 600
alphatonos.glyph:Width: 600
amacron.glyph:Width: 600
ampersand.glyph:Width: 600
anoteleia.glyph:Width: 600
aogonek.glyph:Width: 600
approxequal.glyph:Width: 600
approxequal.tosf.glyph:Width: 600
aring.glyph:Width: 600
arrowboth.glyph:Width: 600
arrowdown.glyph:Width: 600
arrowleft.glyph:Width: 600
arrowright.glyph:Width: 600
arrowup.glyph:Width: 600
arrowupdn.glyph:Width: 600
asciicircum.glyph:Width: 600
asciitilde.glyph:Width: 600
asciitilde.tosf.glyph:Width: 600
asterisk.glyph:Width: 600
at.glyph:Width: 600
atilde.glyph:Width: 600
b.glyph:Width: 600
backslash.glyph:Width: 600
bar.glyph:Width: 600
beta.glyph:Width: 600
block.glyph:Width: 600
braceleft.case.glyph:Width: 600
braceleft.glyph:Width: 600
braceright.case.glyph:Width: 600
braceright.glyph:Width: 600
bracketleft.case.glyph:Width: 600
bracketleft.glyph:Width: 600
bracketright.case.glyph:Width: 600
bracketright.glyph:Width: 600
breve.case.glyph:Width: 600
breve.glyph:Width: 600
brevecy.case.glyph:Width: 600
brevecy.glyph:Width: 600
brokenbar.glyph:Width: 600
bullet.glyph:Width: 600
c.glyph:Width: 600
cacute.glyph:Width: 600
cacute.locl_P_L_K.glyph:Width: 600
caron.alt.glyph:Width: 600
caron.case.glyph:Width: 600
caron.glyph:Width: 600
ccaron.glyph:Width: 600
ccedilla.glyph:Width: 600
ccircumflex.glyph:Width: 600
cdotaccent.glyph:Width: 600
cedilla.case.glyph:Width: 600
cedilla.glyph:Width: 600
cent.glyph:Width: 600
cent.tosf.glyph:Width: 600
chi.glyph:Width: 600
circle.glyph:Width: 600
circumflex.case.glyph:Width: 600
circumflex.glyph:Width: 600
club.glyph:Width: 600
colon.glyph:Width: 600
comma.glyph:Width: 600
copyright.glyph:Width: 600
currency.glyph:Width: 600
currency.tosf.glyph:Width: 600
d.glyph:Width: 600
dagger.glyph:Width: 600
dagger.tosf.glyph:Width: 600
daggerdbl.glyph:Width: 600
daggerdbl.tosf.glyph:Width: 600
dcaron.glyph:Width: 600
dcroat.glyph:Width: 600
degree.glyph:Width: 600
degree.tosf.glyph:Width: 600
delta.glyph:Width: 600
diamond.glyph:Width: 600
dieresis.case.glyph:Width: 600
dieresis.glyph:Width: 600
dieresistonos.glyph:Width: 600
divide.glyph:Width: 600
divide.tosf.glyph:Width: 600
dkshade.glyph:Width: 600
dnblock.glyph:Width: 600
dollar.glyph:Width: 600
dollar.tosf.glyph:Width: 600
dotaccent.case.glyph:Width: 600
dotaccent.glyph:Width: 600
dotlessi.glyph:Width: 600
e.glyph:Width: 600
eacute.glyph:Width: 600
ebreve.glyph:Width: 600
ecaron.glyph:Width: 600
ecircumflex.glyph:Width: 600
edieresis.glyph:Width: 600
edotaccent.glyph:Width: 600
egrave.glyph:Width: 600
eight.dnom.glyph:Width: 600
eight.glyph:Width: 600
eight.numr.glyph:Width: 600
eight.tosf.glyph:Width: 600
ellipsis.glyph:Width: 600
emacron.glyph:Width: 600
emdash.case.glyph:Width: 600
emdash.glyph:Width: 600
endash.case.glyph:Width: 600
endash.glyph:Width: 600
eng.glyph:Width: 600
eogonek.glyph:Width: 600
epsilon.glyph:Width: 600
epsilontonos.glyph:Width: 600
equal.dnom.glyph:Width: 600
equal.glyph:Width: 600
equal.numr.glyph:Width: 600
equal.tosf.glyph:Width: 600
equivalence.glyph:Width: 600
estimated.glyph:Width: 600
eta.glyph:Width: 600
etatonos.glyph:Width: 600
eth.glyph:Width: 600
exclam.glyph:Width: 600
exclamdown.case.glyph:Width: 600
exclamdown.glyph:Width: 600
f.glyph:Width: 600
female.glyph:Width: 600
fi.glyph:Width: 600
figuredash.glyph:Width: 600
figuredash.tosf.glyph:Width: 600
filledbox.glyph:Width: 600
filledrect.glyph:Width: 600
five.dnom.glyph:Width: 600
five.glyph:Width: 600
five.numr.glyph:Width: 600
five.tosf.glyph:Width: 600
fiveeighths.glyph:Width: 600
fl.glyph:Width: 600
florin.glyph:Width: 600
four.dnom.glyph:Width: 600
four.glyph:Width: 600
four.numr.glyph:Width: 600
four.tosf.glyph:Width: 600
fraction.glyph:Width: 600
g.glyph:Width: 600
gamma.glyph:Width: 600
gbreve.glyph:Width: 600
gcircumflex.glyph:Width: 600
gcommaaccent.glyph:Width: 600
gdotaccent.glyph:Width: 600
germandbls.glyph:Width: 600
grave.case.glyph:Width: 600
grave.glyph:Width: 600
gravecomb.glyph:Width: 0
greater.glyph:Width: 600
greater.tosf.glyph:Width: 600
greaterequal.glyph:Width: 600
greaterequal.tosf.glyph:Width: 600
guillemotleft.case.glyph:Width: 600
guillemotleft.glyph:Width: 600
guillemotright.case.glyph:Width: 600
guillemotright.glyph:Width: 600
guilsinglleft.case.glyph:Width: 600
guilsinglleft.glyph:Width: 600
guilsinglright.case.glyph:Width: 600
guilsinglright.glyph:Width: 600
h.glyph:Width: 600
hbar.glyph:Width: 600
hcircumflex.glyph:Width: 600
heart.glyph:Width: 600
house.glyph:Width: 600
hungarumlaut.case.glyph:Width: 600
hungarumlaut.glyph:Width: 600
hyphen.case.glyph:Width: 600
hyphen.glyph:Width: 600
i.glyph:Width: 600
i.locl_T_R_K.glyph:Width: 600
iacute.glyph:Width: 600
ibreve.glyph:Width: 600
icircumflex.glyph:Width: 600
idieresis.glyph:Width: 600
igrave.glyph:Width: 600
ij.glyph:Width: 600
imacron.glyph:Width: 600
infinity.case.glyph:Width: 600
infinity.glyph:Width: 600
infinity.tosf.glyph:Width: 600
integral.glyph:Width: 600
integral.tosf.glyph:Width: 600
integralbt.glyph:Width: 600
integraltp.glyph:Width: 600
intersection.glyph:Width: 600
invcircle.glyph:Width: 600
invsmileface.glyph:Width: 600
iogonek.glyph:Width: 600
iota.glyph:Width: 600
iotadieresis.glyph:Width: 600
iotadieresistonos.glyph:Width: 600
iotatonos.glyph:Width: 600
itilde.glyph:Width: 600
j.glyph:Width: 600
jcircumflex.glyph:Width: 600
k.glyph:Width: 600
kappa.glyph:Width: 600
kcommaaccent.glyph:Width: 600
kgreenlandic.glyph:Width: 600
l.glyph:Width: 600
lacute.glyph:Width: 600
lambda.glyph:Width: 600
lcaron.glyph:Width: 600
lcommaaccent.glyph:Width: 600
ldot.glyph:Width: 600
less.glyph:Width: 600
less.tosf.glyph:Width: 600
lessequal.glyph:Width: 600
lessequal.tosf.glyph:Width: 600
lfblock.glyph:Width: 600
logicalnot.glyph:Width: 600
logicalnot.tosf.glyph:Width: 600
lozenge.glyph:Width: 600
lozenge.tosf.glyph:Width: 600
lslash.glyph:Width: 600
ltshade.glyph:Width: 600
m.glyph:Width: 600
macron.case.glyph:Width: 600
macron.glyph:Width: 600
male.glyph:Width: 600
minus.dnom.glyph:Width: 600
minus.glyph:Width: 600
minus.numr.glyph:Width: 600
minus.tosf.glyph:Width: 600
multiply.glyph:Width: 600
multiply.tosf.glyph:Width: 600
musicalnote.glyph:Width: 600
musicalnotedbl.glyph:Width: 600
n.glyph:Width: 600
nacute.glyph:Width: 600
nacute.locl_P_L_K.glyph:Width: 600
napostrophe.glyph:Width: 600
ncaron.glyph:Width: 600
ncommaaccent.glyph:Width: 600
nine.dnom.glyph:Width: 600
nine.glyph:Width: 600
nine.numr.glyph:Width: 600
nine.tosf.glyph:Width: 600
nonmarkingreturn.glyph:Width: 600
notequal.glyph:Width: 600
notequal.tosf.glyph:Width: 600
ntilde.glyph:Width: 600
nu.glyph:Width: 600
null.glyph:Width: 0
numbersign.glyph:Width: 600
numbersign.tosf.glyph:Width: 600
o.glyph:Width: 600
oacute.glyph:Width: 600
oacute.locl_P_L_K.glyph:Width: 600
obreve.glyph:Width: 600
ocircumflex.glyph:Width: 600
odieresis.glyph:Width: 600
oe.glyph:Width: 600
ogonek.glyph:Width: 600
ograve.glyph:Width: 600
ohungarumlaut.glyph:Width: 600
omacron.glyph:Width: 600
omega.glyph:Width: 600
omegatonos.glyph:Width: 600
omicron.glyph:Width: 600
omicrontonos.glyph:Width: 600
one.dnom.glyph:Width: 600
one.glyph:Width: 600
one.numr.glyph:Width: 600
one.tosf.glyph:Width: 600
oneeighth.glyph:Width: 600
onehalf.glyph:Width: 600
onequarter.glyph:Width: 600
ordfeminine.glyph:Width: 600
ordmasculine.glyph:Width: 600
oslash.glyph:Width: 600
oslashacute.glyph:Width: 600
otilde.glyph:Width: 600
p.glyph:Width: 600
paragraph.glyph:Width: 600
parenleft.case.glyph:Width: 600
parenleft.dnom.glyph:Width: 600
parenleft.glyph:Width: 600
parenleft.numr.glyph:Width: 600
parenright.case.glyph:Width: 600
parenright.dnom.glyph:Width: 600
parenright.glyph:Width: 600
parenright.numr.glyph:Width: 600
partialdiff.glyph:Width: 600
partialdiff.tosf.glyph:Width: 600
percent.glyph:Width: 600
percent.tosf.glyph:Width: 600
period.glyph:Width: 600
periodcentered.glyph:Width: 600
perthousand.glyph:Width: 600
perthousand.tosf.glyph:Width: 600
phi.glyph:Width: 600
pi.glyph:Width: 600
plus.dnom.glyph:Width: 600
plus.glyph:Width: 600
plus.numr.glyph:Width: 600
plus.tosf.glyph:Width: 600
plusminus.glyph:Width: 600
plusminus.tosf.glyph:Width: 600
product.glyph:Width: 600
product.tosf.glyph:Width: 600
psi.glyph:Width: 600
q.glyph:Width: 600
question.glyph:Width: 600
questiondown.case.glyph:Width: 600
questiondown.glyph:Width: 600
quotedbl.glyph:Width: 600
quotedblbase.glyph:Width: 600
quotedblleft.glyph:Width: 600
quotedblright.glyph:Width: 600
quoteleft.glyph:Width: 600
quoteright.glyph:Width: 600
quotesinglbase.glyph:Width: 600
quotesingle.glyph:Width: 600
r.glyph:Width: 600
racute.glyph:Width: 600
radical.glyph:Width: 600
radical.tosf.glyph:Width: 600
rcaron.glyph:Width: 600
rcommaaccent.glyph:Width: 600
registered.glyph:Width: 600
revlogicalnot.glyph:Width: 600
rho.glyph:Width: 600
ring.case.glyph:Width: 600
ring.glyph:Width: 600
rtblock.glyph:Width: 600
s.glyph:Width: 600
sacute.glyph:Width: 600
sacute.locl_P_L_K.glyph:Width: 600
scaron.glyph:Width: 600
scedilla.glyph:Width: 600
scircumflex.glyph:Width: 600
scommaaccent.glyph:Width: 600
section.glyph:Width: 600
section.tosf.glyph:Width: 600
semicolon.glyph:Width: 600
seven.dnom.glyph:Width: 600
seven.glyph:Width: 600
seven.numr.glyph:Width: 600
seven.tosf.glyph:Width: 600
seveneighths.glyph:Width: 600
shade.glyph:Width: 600
sigma.glyph:Width: 600
six.dnom.glyph:Width: 600
six.glyph:Width: 600
six.numr.glyph:Width: 600
six.tosf.glyph:Width: 600
slash.glyph:Width: 600
smileface.glyph:Width: 600
space.frac.glyph:Width: 600
space.glyph:Width: 600
spade.glyph:Width: 600
sterling.glyph:Width: 600
sterling.tosf.glyph:Width: 600
summation.glyph:Width: 600
summation.tosf.glyph:Width: 600
sun.glyph:Width: 600
t.glyph:Width: 600
tau.glyph:Width: 600
tbar.glyph:Width: 600
tcaron.glyph:Width: 600
theta.glyph:Width: 600
thorn.glyph:Width: 600
three.dnom.glyph:Width: 600
three.glyph:Width: 600
three.numr.glyph:Width: 600
three.tosf.glyph:Width: 600
threeeighths.glyph:Width: 600
threequarters.glyph:Width: 600
tilde.case.glyph:Width: 600
tilde.glyph:Width: 600
tildecomb.glyph:Width: 0
tonos.case.glyph:Width: 600
tonos.glyph:Width: 600
trademark.glyph:Width: 600
triagdn.glyph:Width: 600
triaglf.glyph:Width: 600
triagrt.glyph:Width: 600
triagup.glyph:Width: 600
two.dnom.glyph:Width: 600
two.glyph:Width: 600
two.numr.glyph:Width: 600
two.tosf.glyph:Width: 600
u.glyph:Width: 600
u1F310.glyph:Width: 600
uacute.glyph:Width: 600
ubreve.glyph:Width: 600
ucircumflex.glyph:Width: 600
udieresis.glyph:Width: 600
ugrave.glyph:Width: 600
uhungarumlaut.glyph:Width: 600
umacron.glyph:Width: 600
underscore.glyph:Width: 600
underscoredbl.glyph:Width: 600
uni001F.glyph:Width: 600
uni00A0.glyph:Width: 600
uni00AD.case.glyph:Width: 600
uni00AD.glyph:Width: 600
uni00B2.glyph:Width: 600
uni00B3.glyph:Width: 600
uni00B5.glyph:Width: 600
uni00B9.glyph:Width: 600
uni0162.glyph:Width: 600
uni0163.glyph:Width: 600
uni021A.glyph:Width: 600
uni021B.glyph:Width: 600
uni0237.glyph:Width: 600
uni02B9.glyph:Width: 600
uni02BA.glyph:Width: 600
uni02BC.glyph:Width: 600
uni02C9.glyph:Width: 600
uni0302.glyph:Width: 0
uni0304.glyph:Width: 0
uni0306.glyph:Width: 0
uni0307.glyph:Width: 0
uni0308.glyph:Width: 0
uni030A.glyph:Width: 0
uni030B.glyph:Width: 0
uni030C.glyph:Width: 0
uni030F.glyph:Width: 0
uni0313.glyph:Width: 0
uni0314.glyph:Width: 0
uni0326.case.glyph:Width: 0
uni0326.glyph:Width: 0
uni0327.glyph:Width: 0
uni0335.glyph:Width: 0
uni0336.glyph:Width: 0
uni0342.glyph:Width: 0
uni0345.glyph:Width: 0
uni0370.glyph:Width: 600
uni0371.glyph:Width: 600
uni0372.glyph:Width: 600
uni0373.glyph:Width: 600
uni0374.glyph:Width: 600
uni0375.glyph:Width: 600
uni0376.glyph:Width: 600
uni0377.glyph:Width: 600
uni037A.glyph:Width: 600
uni037B.glyph:Width: 600
uni037C.glyph:Width: 600
uni037D.glyph:Width: 600
uni037E.glyph:Width: 600
uni037F.glyph:Width: 600
uni0394.glyph:Width: 600
uni03A9.glyph:Width: 600
uni03BC.glyph:Width: 600
uni03C2.glyph:Width: 600
uni03CF.glyph:Width: 600
uni03D0.glyph:Width: 600
uni03D1.glyph:Width: 600
uni03D2.glyph:Width: 600
uni03D3.glyph:Width: 600
uni03D4.glyph:Width: 600
uni03D5.glyph:Width: 600
uni03D6.glyph:Width: 600
uni03D7.glyph:Width: 600
uni03D8.glyph:Width: 600
uni03D9.glyph:Width: 600
uni03DA.glyph:Width: 600
uni03DB.glyph:Width: 600
uni03DC.glyph:Width: 600
uni03DD.glyph:Width: 600
uni03DE.glyph:Width: 600
uni03DF.glyph:Width: 600
uni03E0.glyph:Width: 600
uni03E1.glyph:Width: 600
uni03F0.glyph:Width: 600
uni03F1.glyph:Width: 600
uni03F2.glyph:Width: 600
uni03F3.glyph:Width: 600
uni03F4.glyph:Width: 600
uni03F5.glyph:Width: 600
uni03F6.glyph:Width: 600
uni03F7.glyph:Width: 600
uni03F8.glyph:Width: 600
uni03F9.glyph:Width: 600
uni03FA.glyph:Width: 600
uni03FB.glyph:Width: 600
uni03FC.glyph:Width: 600
uni03FD.glyph:Width: 600
uni03FE.glyph:Width: 600
uni03FF.glyph:Width: 600
uni0400.glyph:Width: 600
uni0401.glyph:Width: 600
uni0402.glyph:Width: 600
uni0403.glyph:Width: 600
uni0404.glyph:Width: 600
uni0405.glyph:Width: 600
uni0406.glyph:Width: 600
uni0407.glyph:Width: 600
uni0408.glyph:Width: 600
uni0409.glyph:Width: 600
uni040A.glyph:Width: 600
uni040B.glyph:Width: 600
uni040C.glyph:Width: 600
uni040D.glyph:Width: 600
uni040E.glyph:Width: 600
uni040F.glyph:Width: 600
uni0410.glyph:Width: 600
uni0411.glyph:Width: 600
uni0412.glyph:Width: 600
uni0413.glyph:Width: 600
uni0414.glyph:Width: 600
uni0415.glyph:Width: 600
uni0416.glyph:Width: 600
uni0417.glyph:Width: 600
uni0418.glyph:Width: 600
uni0419.glyph:Width: 600
uni041A.glyph:Width: 600
uni041B.glyph:Width: 600
uni041C.glyph:Width: 600
uni041D.glyph:Width: 600
uni041E.glyph:Width: 600
uni041F.glyph:Width: 600
uni0420.glyph:Width: 600
uni0421.glyph:Width: 600
uni0422.glyph:Width: 600
uni0423.glyph:Width: 600
uni0424.glyph:Width: 600
uni0425.glyph:Width: 600
uni0426.glyph:Width: 600
uni0427.glyph:Width: 600
uni0428.glyph:Width: 600
uni0429.glyph:Width: 600
uni042A.glyph:Width: 600
uni042B.glyph:Width: 600
uni042C.glyph:Width: 600
uni042D.glyph:Width: 600
uni042E.glyph:Width: 600
uni042F.glyph:Width: 600
uni0430.glyph:Width: 600
uni0431.glyph:Width: 600
uni0432.glyph:Width: 600
uni0433.glyph:Width: 600
uni0434.glyph:Width: 600
uni0435.glyph:Width: 600
uni0436.glyph:Width: 600
uni0437.glyph:Width: 600
uni0438.glyph:Width: 600
uni0439.glyph:Width: 600
uni043A.glyph:Width: 600
uni043B.glyph:Width: 600
uni043C.glyph:Width: 600
uni043D.glyph:Width: 600
uni043E.glyph:Width: 600
uni043F.glyph:Width: 600
uni0440.glyph:Width: 600
uni0441.glyph:Width: 600
uni0442.glyph:Width: 600
uni0443.glyph:Width: 600
uni0444.glyph:Width: 600
uni0445.glyph:Width: 600
uni0446.glyph:Width: 600
uni0447.glyph:Width: 600
uni0448.glyph:Width: 600
uni0449.glyph:Width: 600
uni044A.glyph:Width: 600
uni044B.glyph:Width: 600
uni044C.glyph:Width: 600
uni044D.glyph:Width: 600
uni044E.glyph:Width: 600
uni044F.glyph:Width: 600
uni0450.glyph:Width: 600
uni0451.glyph:Width: 600
uni0452.glyph:Width: 600
uni0453.glyph:Width: 600
uni0454.glyph:Width: 600
uni0455.glyph:Width: 600
uni0456.glyph:Width: 600
uni0457.glyph:Width: 600
uni0458.glyph:Width: 600
uni0459.glyph:Width: 600
uni045A.glyph:Width: 600
uni045B.glyph:Width: 600
uni045C.glyph:Width: 600
uni045D.glyph:Width: 600
uni045E.glyph:Width: 600
uni045F.glyph:Width: 600
uni0460.glyph:Width: 600
uni0461.glyph:Width: 600
uni0462.glyph:Width: 600
uni0463.glyph:Width: 600
uni0464.glyph:Width: 600
uni0465.glyph:Width: 600
uni0466.glyph:Width: 600
uni0467.glyph:Width: 600
uni0468.glyph:Width: 600
uni0469.glyph:Width: 600
uni046A.glyph:Width: 600
uni046B.glyph:Width: 600
uni046C.glyph:Width: 600
uni046D.glyph:Width: 600
uni046E.glyph:Width: 600
uni046F.glyph:Width: 600
uni0470.glyph:Width: 600
uni0471.glyph:Width: 600
uni0472.glyph:Width: 600
uni0473.glyph:Width: 600
uni0474.glyph:Width: 600
uni0475.glyph:Width: 600
uni0476.glyph:Width: 600
uni0477.glyph:Width: 600
uni0478.glyph:Width: 600
uni0479.glyph:Width: 600
uni048A.glyph:Width: 600
uni048B.glyph:Width: 600
uni048C.glyph:Width: 600
uni048D.glyph:Width: 600
uni048E.glyph:Width: 600
uni048F.glyph:Width: 600
uni0490.glyph:Width: 600
uni0491.glyph:Width: 600
uni0492.glyph:Width: 600
uni0493.glyph:Width: 600
uni0494.glyph:Width: 600
uni0495.glyph:Width: 600
uni0496.glyph:Width: 600
uni0497.glyph:Width: 600
uni0498.glyph:Width: 600
uni0499.glyph:Width: 600
uni049A.glyph:Width: 600
uni049B.glyph:Width: 600
uni049C.glyph:Width: 600
uni049D.glyph:Width: 600
uni049E.glyph:Width: 600
uni049F.glyph:Width: 600
uni04A0.glyph:Width: 600
uni04A1.glyph:Width: 600
uni04A2.glyph:Width: 600
uni04A3.glyph:Width: 600
uni04A4.glyph:Width: 600
uni04A5.glyph:Width: 600
uni04A6.glyph:Width: 600
uni04A7.glyph:Width: 600
uni04A8.glyph:Width: 600
uni04A9.glyph:Width: 600
uni04AA.glyph:Width: 600
uni04AB.glyph:Width: 600
uni04AC.glyph:Width: 600
uni04AD.glyph:Width: 600
uni04AE.glyph:Width: 600
uni04AF.glyph:Width: 600
uni04B0.glyph:Width: 600
uni04B1.glyph:Width: 600
uni04B2.glyph:Width: 600
uni04B3.glyph:Width: 600
uni04B4.glyph:Width: 600
uni04B5.glyph:Width: 600
uni04B6.glyph:Width: 600
uni04B7.glyph:Width: 600
uni04B8.glyph:Width: 600
uni04B9.glyph:Width: 600
uni04BA.glyph:Width: 600
uni04BB.glyph:Width: 600
uni04BC.glyph:Width: 600
uni04BD.glyph:Width: 600
uni04BE.glyph:Width: 600
uni04BF.glyph:Width: 600
uni04C0.glyph:Width: 600
uni04C1.glyph:Width: 600
uni04C2.glyph:Width: 600
uni04C3.glyph:Width: 600
uni04C4.glyph:Width: 600
uni04C5.glyph:Width: 600
uni04C6.glyph:Width: 600
uni04C7.glyph:Width: 600
uni04C8.glyph:Width: 600
uni04C9.glyph:Width: 600
uni04CA.glyph:Width: 600
uni04CB.glyph:Width: 600
uni04CC.glyph:Width: 600
uni04CD.glyph:Width: 600
uni04CE.glyph:Width: 600
uni04CF.glyph:Width: 600
uni04D0.glyph:Width: 600
uni04D1.glyph:Width: 600
uni04D2.glyph:Width: 600
uni04D3.glyph:Width: 600
uni04D4.glyph:Width: 600
uni04D5.glyph:Width: 600
uni04D6.glyph:Width: 600
uni04D7.glyph:Width: 600
uni04D8.glyph:Width: 600
uni04D9.glyph:Width: 600
uni04DA.glyph:Width: 600
uni04DB.glyph:Width: 600
uni04DC.glyph:Width: 600
uni04DD.glyph:Width: 600
uni04DE.glyph:Width: 600
uni04DF.glyph:Width: 600
uni04E0.glyph:Width: 600
uni04E1.glyph:Width: 600
uni04E2.glyph:Width: 600
uni04E3.glyph:Width: 600
uni04E4.glyph:Width: 600
uni04E5.glyph:Width: 600
uni04E6.glyph:Width: 600
uni04E7.glyph:Width: 600
uni04E8.glyph:Width: 600
uni04E9.glyph:Width: 600
uni04EA.glyph:Width: 600
uni04EB.glyph:Width: 600
uni04EC.glyph:Width: 600
uni04ED.glyph:Width: 600
uni04EE.glyph:Width: 600
uni04EF.glyph:Width: 600
uni04F0.glyph:Width: 600
uni04F1.glyph:Width: 600
uni04F2.glyph:Width: 600
uni04F3.glyph:Width: 600
uni04F4.glyph:Width: 600
uni04F5.glyph:Width: 600
uni04F6.glyph:Width: 600
uni04F7.glyph:Width: 600
uni04F8.glyph:Width: 600
uni04F9.glyph:Width: 600
uni04FA.glyph:Width: 600
uni04FB.glyph:Width: 600
uni04FC.glyph:Width: 600
uni04FD.glyph:Width: 600
uni04FE.glyph:Width: 600
uni04FF.glyph:Width: 600
uni0500.glyph:Width: 600
uni0501.glyph:Width: 600
uni0502.glyph:Width: 600
uni0503.glyph:Width: 600
uni0504.glyph:Width: 600
uni0505.glyph:Width: 600
uni0506.glyph:Width: 600
uni0507.glyph:Width: 600
uni0508.glyph:Width: 600
uni0509.glyph:Width: 600
uni050A.glyph:Width: 600
uni050B.glyph:Width: 600
uni050C.glyph:Width: 600
uni050D.glyph:Width: 600
uni050E.glyph:Width: 600
uni050F.glyph:Width: 600
uni0510.glyph:Width: 600
uni0511.glyph:Width: 600
uni0512.glyph:Width: 600
uni0513.glyph:Width: 600
uni0514.glyph:Width: 600
uni0515.glyph:Width: 600
uni0516.glyph:Width: 600
uni0517.glyph:Width: 600
uni0518.glyph:Width: 600
uni0519.glyph:Width: 600
uni051A.glyph:Width: 600
uni051B.glyph:Width: 600
uni051C.glyph:Width: 600
uni051D.glyph:Width: 600
uni051E.glyph:Width: 600
uni051F.glyph:Width: 600
uni0520.glyph:Width: 600
uni0521.glyph:Width: 600
uni0522.glyph:Width: 600
uni0523.glyph:Width: 600
uni0524.glyph:Width: 600
uni0525.glyph:Width: 600
uni0526.glyph:Width: 600
uni0527.glyph:Width: 600
uni0528.glyph:Width: 600
uni0529.glyph:Width: 600
uni052A.glyph:Width: 600
uni052B.glyph:Width: 600
uni052C.glyph:Width: 600
uni052D.glyph:Width: 600
uni052E.glyph:Width: 600
uni052F.glyph:Width: 600
uni1F00.glyph:Width: 600
uni1F01.glyph:Width: 600
uni1F02.glyph:Width: 600
uni1F03.glyph:Width: 600
uni1F04.glyph:Width: 600
uni1F05.glyph:Width: 600
uni1F06.glyph:Width: 600
uni1F07.glyph:Width: 600
uni1F08.glyph:Width: 600
uni1F09.glyph:Width: 600
uni1F0A.glyph:Width: 600
uni1F0B.glyph:Width: 600
uni1F0C.glyph:Width: 600
uni1F0D.glyph:Width: 600
uni1F0E.glyph:Width: 600
uni1F0F.glyph:Width: 600
uni1F10.glyph:Width: 600
uni1F11.glyph:Width: 600
uni1F12.glyph:Width: 600
uni1F13.glyph:Width: 600
uni1F14.glyph:Width: 600
uni1F15.glyph:Width: 600
uni1F18.glyph:Width: 600
uni1F19.glyph:Width: 600
uni1F1A.glyph:Width: 600
uni1F1B.glyph:Width: 600
uni1F1C.glyph:Width: 600
uni1F1D.glyph:Width: 600
uni1F20.glyph:Width: 600
uni1F21.glyph:Width: 600
uni1F22.glyph:Width: 600
uni1F23.glyph:Width: 600
uni1F24.glyph:Width: 600
uni1F25.glyph:Width: 600
uni1F26.glyph:Width: 600
uni1F27.glyph:Width: 600
uni1F28.glyph:Width: 600
uni1F29.glyph:Width: 600
uni1F2A.glyph:Width: 600
uni1F2B.glyph:Width: 600
uni1F2C.glyph:Width: 600
uni1F2D.glyph:Width: 600
uni1F2E.glyph:Width: 600
uni1F2F.glyph:Width: 600
uni1F30.glyph:Width: 600
uni1F31.glyph:Width: 600
uni1F32.glyph:Width: 600
uni1F33.glyph:Width: 600
uni1F34.glyph:Width: 600
uni1F35.glyph:Width: 600
uni1F36.glyph:Width: 600
uni1F37.glyph:Width: 600
uni1F38.glyph:Width: 600
uni1F39.glyph:Width: 600
uni1F3A.glyph:Width: 600
uni1F3B.glyph:Width: 600
uni1F3C.glyph:Width: 600
uni1F3D.glyph:Width: 600
uni1F3E.glyph:Width: 600
uni1F3F.glyph:Width: 600
uni1F40.glyph:Width: 600
uni1F41.glyph:Width: 600
uni1F42.glyph:Width: 600
uni1F43.glyph:Width: 600
uni1F44.glyph:Width: 600
uni1F45.glyph:Width: 600
uni1F48.glyph:Width: 600
uni1F49.glyph:Width: 600
uni1F4A.glyph:Width: 600
uni1F4B.glyph:Width: 600
uni1F4C.glyph:Width: 600
uni1F4D.glyph:Width: 600
uni1F50.glyph:Width: 600
uni1F51.glyph:Width: 600
uni1F52.glyph:Width: 600
uni1F53.glyph:Width: 600
uni1F54.glyph:Width: 600
uni1F55.glyph:Width: 600
uni1F56.glyph:Width: 600
uni1F57.glyph:Width: 600
uni1F59.glyph:Width: 600
uni1F5B.glyph:Width: 600
uni1F5D.glyph:Width: 600
uni1F5F.glyph:Width: 600
uni1F60.glyph:Width: 600
uni1F61.glyph:Width: 600
uni1F62.glyph:Width: 600
uni1F63.glyph:Width: 600
uni1F64.glyph:Width: 600
uni1F65.glyph:Width: 600
uni1F66.glyph:Width: 600
uni1F67.glyph:Width: 600
uni1F68.glyph:Width: 600
uni1F69.glyph:Width: 600
uni1F6A.glyph:Width: 600
uni1F6B.glyph:Width: 600
uni1F6C.glyph:Width: 600
uni1F6D.glyph:Width: 600
uni1F6E.glyph:Width: 600
uni1F6F.glyph:Width: 600
uni1F70.glyph:Width: 600
uni1F71.glyph:Width: 600
uni1F72.glyph:Width: 600
uni1F73.glyph:Width: 600
uni1F74.glyph:Width: 600
uni1F75.glyph:Width: 600
uni1F76.glyph:Width: 600
uni1F77.glyph:Width: 600
uni1F78.glyph:Width: 600
uni1F79.glyph:Width: 600
uni1F7A.glyph:Width: 600
uni1F7B.glyph:Width: 600
uni1F7C.glyph:Width: 600
uni1F7D.glyph:Width: 600
uni1F80.glyph:Width: 600
uni1F81.glyph:Width: 600
uni1F82.glyph:Width: 600
uni1F83.glyph:Width: 600
uni1F84.glyph:Width: 600
uni1F85.glyph:Width: 600
uni1F86.glyph:Width: 600
uni1F87.glyph:Width: 600
uni1F88.glyph:Width: 600
uni1F89.glyph:Width: 600
uni1F8A.glyph:Width: 600
uni1F8B.glyph:Width: 600
uni1F8C.glyph:Width: 600
uni1F8D.glyph:Width: 600
uni1F8E.glyph:Width: 600
uni1F8F.glyph:Width: 600
uni1F90.glyph:Width: 600
uni1F91.glyph:Width: 600
uni1F92.glyph:Width: 600
uni1F93.glyph:Width: 600
uni1F94.glyph:Width: 600
uni1F95.glyph:Width: 600
uni1F96.glyph:Width: 600
uni1F97.glyph:Width: 600
uni1F98.glyph:Width: 600
uni1F99.glyph:Width: 600
uni1F9A.glyph:Width: 600
uni1F9B.glyph:Width: 600
uni1F9C.glyph:Width: 600
uni1F9D.glyph:Width: 600
uni1F9E.glyph:Width: 600
uni1F9F.glyph:Width: 600
uni1FA0.glyph:Width: 600
uni1FA1.glyph:Width: 600
uni1FA2.glyph:Width: 600
uni1FA3.glyph:Width: 600
uni1FA4.glyph:Width: 600
uni1FA5.glyph:Width: 600
uni1FA6.glyph:Width: 600
uni1FA7.glyph:Width: 600
uni1FA8.glyph:Width: 600
uni1FA9.glyph:Width: 600
uni1FAA.glyph:Width: 600
uni1FAB.glyph:Width: 600
uni1FAC.glyph:Width: 600
uni1FAD.glyph:Width: 600
uni1FAE.glyph:Width: 600
uni1FAF.glyph:Width: 600
uni1FB0.glyph:Width: 600
uni1FB1.glyph:Width: 600
uni1FB2.glyph:Width: 600
uni1FB3.glyph:Width: 600
uni1FB4.glyph:Width: 600
uni1FB6.glyph:Width: 600
uni1FB7.glyph:Width: 600
uni1FB8.glyph:Width: 600
uni1FB9.glyph:Width: 600
uni1FBA.glyph:Width: 600
uni1FBB.glyph:Width: 600
uni1FBC.glyph:Width: 600
uni1FBD.glyph:Width: 600
uni1FBE.glyph:Width: 600
uni1FBF.glyph:Width: 600
uni1FC0.glyph:Width: 600
uni1FC1.glyph:Width: 600
uni1FC2.glyph:Width: 600
uni1FC3.glyph:Width: 600
uni1FC4.glyph:Width: 600
uni1FC6.glyph:Width: 600
uni1FC7.glyph:Width: 600
uni1FC8.glyph:Width: 600
uni1FC9.glyph:Width: 600
uni1FCA.glyph:Width: 600
uni1FCB.glyph:Width: 600
uni1FCC.glyph:Width: 600
uni1FCD.glyph:Width: 600
uni1FCE.glyph:Width: 600
uni1FCF.glyph:Width: 600
uni1FD0.glyph:Width: 600
uni1FD1.glyph:Width: 600
uni1FD2.glyph:Width: 600
uni1FD3.glyph:Width: 600
uni1FD6.glyph:Width: 600
uni1FD7.glyph:Width: 600
uni1FD8.glyph:Width: 600
uni1FD9.glyph:Width: 600
uni1FDA.glyph:Width: 600
uni1FDB.glyph:Width: 600
uni1FDD.glyph:Width: 600
uni1FDE.glyph:Width: 600
uni1FDF.glyph:Width: 600
uni1FE0.glyph:Width: 600
uni1FE1.glyph:Width: 600
uni1FE2.glyph:Width: 600
uni1FE3.glyph:Width: 600
uni1FE4.glyph:Width: 600
uni1FE5.glyph:Width: 600
uni1FE6.glyph:Width: 600
uni1FE7.glyph:Width: 600
uni1FE8.glyph:Width: 600
uni1FE9.glyph:Width: 600
uni1FEA.glyph:Width: 600
uni1FEB.glyph:Width: 600
uni1FEC.glyph:Width: 600
uni1FED.glyph:Width: 600
uni1FEE.glyph:Width: 600
uni1FEF.case.glyph:Width: 600
uni1FEF.glyph:Width: 600
uni1FF2.glyph:Width: 600
uni1FF3.glyph:Width: 600
uni1FF4.glyph:Width: 600
uni1FF6.glyph:Width: 600
uni1FF7.glyph:Width: 600
uni1FF8.glyph:Width: 600
uni1FF9.glyph:Width: 600
uni1FFA.glyph:Width: 600
uni1FFB.glyph:Width: 600
uni1FFC.glyph:Width: 600
uni1FFD.case.glyph:Width: 600
uni1FFD.glyph:Width: 600
uni1FFE.glyph:Width: 600
uni2007.glyph:Width: 600
uni2007.tf.glyph:Width: 600
uni2007.tosf.glyph:Width: 600
uni2008.glyph:Width: 600
uni200B.glyph:Width: 0
uni2015.glyph:Width: 600
uni204A.glyph:Width: 600
uni2070.glyph:Width: 600
uni2074.glyph:Width: 600
uni2075.glyph:Width: 600
uni2076.glyph:Width: 600
uni2077.glyph:Width: 600
uni2078.glyph:Width: 600
uni2079.glyph:Width: 600
uni207A.glyph:Width: 600
uni207B.glyph:Width: 600
uni207C.glyph:Width: 600
uni207D.glyph:Width: 600
uni207E.glyph:Width: 600
uni207F.glyph:Width: 600
uni2080.glyph:Width: 600
uni2081.glyph:Width: 600
uni2082.glyph:Width: 600
uni2083.glyph:Width: 600
uni2084.glyph:Width: 600
uni2085.glyph:Width: 600
uni2086.glyph:Width: 600
uni2087.glyph:Width: 600
uni2088.glyph:Width: 600
uni2089.glyph:Width: 600
uni208A.glyph:Width: 600
uni208B.glyph:Width: 600
uni208C.glyph:Width: 600
uni208D.glyph:Width: 600
uni208E.glyph:Width: 600
uni20AF.glyph:Width: 600
uni20AF.tosf.glyph:Width: 600
uni20B9.glyph:Width: 600
uni20B9.tosf.glyph:Width: 600
uni20BA.glyph:Width: 600
uni20BA.tosf.glyph:Width: 600
uni20BD.glyph:Width: 600
uni20BD.tosf.glyph:Width: 600
uni2113.glyph:Width: 600
uni2116.glyph:Width: 600
uni2153.glyph:Width: 600
uni2154.glyph:Width: 600
uni2155.glyph:Width: 600
uni2156.glyph:Width: 600
uni2157.glyph:Width: 600
uni2158.glyph:Width: 600
uni2159.glyph:Width: 600
uni215A.glyph:Width: 600
uni215F.glyph:Width: 600
uni2196.glyph:Width: 600
uni2197.glyph:Width: 600
uni2198.glyph:Width: 600
uni2199.glyph:Width: 600
uni21E6.glyph:Width: 600
uni21E7.glyph:Width: 600
uni21E8.glyph:Width: 600
uni21E9.glyph:Width: 600
uni21EA.glyph:Width: 600
uni2215.glyph:Width: 600
uni2219.glyph:Width: 600
uni2326.glyph:Width: 600
uni2327.glyph:Width: 600
uni2328.glyph:Width: 600
uni232B.glyph:Width: 600
uni23CE.glyph:Width: 600
uni2500.glyph:Width: 600
uni2501.glyph:Width: 600
uni2502.glyph:Width: 600
uni2503.glyph:Width: 600
uni250C.glyph:Width: 600
uni250D.glyph:Width: 600
uni250E.glyph:Width: 600
uni250F.glyph:Width: 600
uni2510.glyph:Width: 600
uni2511.glyph:Width: 600
uni2512.glyph:Width: 600
uni2513.glyph:Width: 600
uni2514.glyph:Width: 600
uni2515.glyph:Width: 600
uni2516.glyph:Width: 600
uni2517.glyph:Width: 600
uni2518.glyph:Width: 600
uni2519.glyph:Width: 600
uni251A.glyph:Width: 600
uni251B.glyph:Width: 600
uni251C.glyph:Width: 600
uni251D.glyph:Width: 600
uni251E.glyph:Width: 600
uni251F.glyph:Width: 600
uni2520.glyph:Width: 600
uni2521.glyph:Width: 600
uni2522.glyph:Width: 600
uni2523.glyph:Width: 600
uni2524.glyph:Width: 600
uni2525.glyph:Width: 600
uni2526.glyph:Width: 600
uni2527.glyph:Width: 600
uni2528.glyph:Width: 600
uni2529.glyph:Width: 600
uni252A.glyph:Width: 600
uni252B.glyph:Width: 600
uni252C.glyph:Width: 600
uni252D.glyph:Width: 600
uni252E.glyph:Width: 600
uni252F.glyph:Width: 600
uni2530.glyph:Width: 600
uni2531.glyph:Width: 600
uni2532.glyph:Width: 600
uni2533.glyph:Width: 600
uni2534.glyph:Width: 600
uni2535.glyph:Width: 600
uni2536.glyph:Width: 600
uni2537.glyph:Width: 600
uni2538.glyph:Width: 600
uni2539.glyph:Width: 600
uni253A.glyph:Width: 600
uni253B.glyph:Width: 600
uni253C.glyph:Width: 600
uni253D.glyph:Width: 600
uni253E.glyph:Width: 600
uni253F.glyph:Width: 600
uni2540.glyph:Width: 600
uni2541.glyph:Width: 600
uni2542.glyph:Width: 600
uni2543.glyph:Width: 600
uni2544.glyph:Width: 600
uni2545.glyph:Width: 600
uni2546.glyph:Width: 600
uni2547.glyph:Width: 600
uni2548.glyph:Width: 600
uni2549.glyph:Width: 600
uni254A.glyph:Width: 600
uni254B.glyph:Width: 600
uni254C.glyph:Width: 600
uni254D.glyph:Width: 600
uni254E.glyph:Width: 600
uni254F.glyph:Width: 600
uni2550.glyph:Width: 600
uni2551.glyph:Width: 600
uni2552.glyph:Width: 600
uni2553.glyph:Width: 600
uni2554.glyph:Width: 600
uni2555.glyph:Width: 600
uni2556.glyph:Width: 600
uni2557.glyph:Width: 600
uni2558.glyph:Width: 600
uni2559.glyph:Width: 600
uni255A.glyph:Width: 600
uni255B.glyph:Width: 600
uni255C.glyph:Width: 600
uni255D.glyph:Width: 600
uni255E.glyph:Width: 600
uni255F.glyph:Width: 600
uni2560.glyph:Width: 600
uni2561.glyph:Width: 600
uni2562.glyph:Width: 600
uni2563.glyph:Width: 600
uni2564.glyph:Width: 600
uni2565.glyph:Width: 600
uni2566.glyph:Width: 600
uni2567.glyph:Width: 600
uni2568.glyph:Width: 600
uni2569.glyph:Width: 600
uni256A.glyph:Width: 600
uni256B.glyph:Width: 600
uni256C.glyph:Width: 600
uni2571.glyph:Width: 600
uni2572.glyph:Width: 600
uni2573.glyph:Width: 600
uni2574.glyph:Width: 600
uni2575.glyph:Width: 600
uni2576.glyph:Width: 600
uni2577.glyph:Width: 600
uni2578.glyph:Width: 600
uni2579.glyph:Width: 600
uni257A.glyph:Width: 600
uni257B.glyph:Width: 600
uni257C.glyph:Width: 600
uni257D.glyph:Width: 600
uni257E.glyph:Width: 600
uni257F.glyph:Width: 600
uni2581.glyph:Width: 600
uni2582.glyph:Width: 600
uni2583.glyph:Width: 600
uni2585.glyph:Width: 600
uni2586.glyph:Width: 600
uni2587.glyph:Width: 600
uni2589.glyph:Width: 600
uni258A.glyph:Width: 600
uni258B.glyph:Width: 600
uni258D.glyph:Width: 600
uni258E.glyph:Width: 600
uni258F.glyph:Width: 600
uni2594.glyph:Width: 600
uni2595.glyph:Width: 600
uni2596.glyph:Width: 600
uni2597.glyph:Width: 600
uni2598.glyph:Width: 600
uni2599.glyph:Width: 600
uni259A.glyph:Width: 600
uni259B.glyph:Width: 600
uni259C.glyph:Width: 600
uni259D.glyph:Width: 600
uni259E.glyph:Width: 600
uni259F.glyph:Width: 600
uni25A1.glyph:Width: 600
uni25A2.glyph:Width: 600
uni25A3.glyph:Width: 600
uni25AA.glyph:Width: 600
uni25AB.glyph:Width: 600
uni25AD.glyph:Width: 600
uni25AE.glyph:Width: 600
uni25AF.glyph:Width: 600
uni25C6.glyph:Width: 600
uni25C7.glyph:Width: 600
uni25C9.glyph:Width: 600
uni25CE.glyph:Width: 600
uni25CF.glyph:Width: 600
uni25D0.glyph:Width: 600
uni25D1.glyph:Width: 600
uni25D2.glyph:Width: 600
uni25D3.glyph:Width: 600
uni25D5.glyph:Width: 600
uni25D6.glyph:Width: 600
uni25D7.glyph:Width: 600
uni25DA.glyph:Width: 600
uni25DB.glyph:Width: 600
uni25DC.glyph:Width: 600
uni25DD.glyph:Width: 600
uni25DE.glyph:Width: 600
uni25DF.glyph:Width: 600
uni25E0.glyph:Width: 600
uni25E1.glyph:Width: 600
uni25E2.glyph:Width: 600
uni25E3.glyph:Width: 600
uni25E4.glyph:Width: 600
uni25E5.glyph:Width: 600
uni25E7.glyph:Width: 600
uni25E8.glyph:Width: 600
uni25E9.glyph:Width: 600
uni25EA.glyph:Width: 600
uni25EB.glyph:Width: 600
uni25EF.glyph:Width: 600
uni25F0.glyph:Width: 600
uni25F1.glyph:Width: 600
uni25F2.glyph:Width: 600
uni25F3.glyph:Width: 600
uni25F4.glyph:Width: 600
uni25F5.glyph:Width: 600
uni25F6.glyph:Width: 600
uni25F7.glyph:Width: 600
uni2620.glyph:Width: 600
uni27A1.glyph:Width: 600
uni2B05.glyph:Width: 600
uni2B06.glyph:Width: 600
uni2B07.glyph:Width: 600
uniE000.glyph:Width: 0
uniE001.glyph:Width: 0
uniE002.glyph:Width: 0
uniE003.glyph:Width: 600
uniFEFF.glyph:Width: 0
uogonek.glyph:Width: 600
upblock.glyph:Width: 600
upsilon.glyph:Width: 600
upsilondieresis.glyph:Width: 600
upsilondieresistonos.glyph:Width: 600
upsilontonos.glyph:Width: 600
uring.glyph:Width: 600
utilde.glyph:Width: 600
v.glyph:Width: 600
w.glyph:Width: 600
wacute.glyph:Width: 600
wcircumflex.glyph:Width: 600
wdieresis.glyph:Width: 600
wgrave.glyph:Width: 600
x.glyph:Width: 600
xi.glyph:Width: 600
y.glyph:Width: 600
yacute.glyph:Width: 600
ycircumflex.glyph:Width: 600
ydieresis.glyph:Width: 600
yen.glyph:Width: 600
yen.tosf.glyph:Width: 600
ygrave.glyph:Width: 600
z.glyph:Width: 600
zacute.glyph:Width: 600
zacute.locl_P_L_K.glyph:Width: 600
zcaron.glyph:Width: 600
zdotaccent.glyph:Width: 600
zero.dnom.glyph:Width: 600
zero.glyph:Width: 600
zero.numr.glyph:Width: 600
zero.tosf.glyph:Width: 600
zero.tosf.zero.glyph:Width: 600
zero.zero.glyph:Width: 600
zeta.glyph:Width: 600
